\BOOKMARK [1][-]{figure.caption.2}{\376\377\000A\000b\000r\000e\000v\000i\000a\000t\000u\000r\000a\000s}{}% 1
\BOOKMARK [1][-]{section.1}{\376\377\000C\000o\000n\000t\000e\000x\000t\000o}{}% 2
\BOOKMARK [2][-]{subsection.1.1}{\376\377\000G\000e\000s\000t\000i\000\363\000n\000\040\000d\000e\000\040\000p\000r\000o\000y\000e\000c\000t\000o\000s}{section.1}% 3
\BOOKMARK [2][-]{subsection.1.2}{\376\377\000H\000e\000r\000r\000a\000m\000i\000e\000n\000t\000a\000s}{section.1}% 4
\BOOKMARK [3][-]{subsubsection.1.2.1}{\376\377\000J\000I\000R\000A}{subsection.1.2}% 5
\BOOKMARK [3][-]{subsubsection.1.2.2}{\376\377\000G\000i\000t\000\040\000-\000\040\000G\000i\000t\000l\000a\000b}{subsection.1.2}% 6
\BOOKMARK [2][-]{subsection.1.3}{\376\377\000J\000i\000r\000a\000G\000P\000T\000\040\000N\000e\000x\000t}{section.1}% 7
\BOOKMARK [1][-]{section.2}{\376\377\000P\000l\000a\000n\000i\000f\000i\000c\000a\000c\000i\000\363\000n}{}% 8
\BOOKMARK [2][-]{subsection.2.1}{\376\377\000T\000a\000r\000e\000a\000s}{section.2}% 9
\BOOKMARK [2][-]{subsection.2.2}{\376\377\000P\000r\000e\000s\000u\000p\000u\000e\000s\000t\000o}{section.2}% 10
\BOOKMARK [3][-]{subsubsection.2.2.1}{\376\377\000C\000o\000s\000t\000e\000s\000\040\000d\000e\000\040\000s\000o\000f\000t\000w\000a\000r\000e}{subsection.2.2}% 11
\BOOKMARK [3][-]{subsubsection.2.2.2}{\376\377\000C\000o\000s\000t\000e\000s\000\040\000d\000e\000\040\000m\000a\000n\000o\000\040\000d\000e\000\040\000o\000b\000r\000a}{subsection.2.2}% 12
\BOOKMARK [3][-]{subsubsection.2.2.3}{\376\377\000C\000o\000s\000t\000e\000s\000\040\000d\000e\000\040\000h\000a\000r\000d\000w\000a\000r\000e}{subsection.2.2}% 13
\BOOKMARK [1][-]{section.3}{\376\377\000T\000e\000c\000n\000o\000l\000o\000g\000\355\000a\000s}{}% 14
\BOOKMARK [2][-]{subsection.3.1}{\376\377\000M\000o\000d\000e\000l\000o\000s\000\040\000g\000r\000a\000n\000d\000e\000s\000\040\000d\000e\000\040\000l\000e\000n\000g\000u\000a\000j\000e}{section.3}% 15
\BOOKMARK [2][-]{subsection.3.2}{\376\377\000R\000e\000t\000r\000i\000e\000v\000a\000l\000\040\000A\000u\000g\000m\000e\000n\000t\000e\000d\000\040\000G\000e\000n\000e\000r\000a\000t\000i\000o\000n}{section.3}% 16
\BOOKMARK [3][-]{subsubsection.3.2.1}{\376\377\000F\000u\000n\000c\000i\000o\000n\000a\000m\000i\000e\000n\000t\000o}{subsection.3.2}% 17
\BOOKMARK [2][-]{subsection.3.3}{\376\377\000W\000o\000r\000d\000\040\000e\000m\000b\000e\000d\000d\000i\000n\000g\000s}{section.3}% 18
\BOOKMARK [2][-]{subsection.3.4}{\376\377\000O\000n\000t\000o\000l\000o\000g\000\355\000a\000s}{section.3}% 19
\BOOKMARK [2][-]{subsection.3.5}{\376\377\000G\000r\000a\000f\000o\000s\000\040\000d\000e\000\040\000c\000o\000n\000o\000c\000i\000m\000i\000e\000n\000t\000o}{section.3}% 20
\BOOKMARK [1][-]{section.4}{\376\377\000D\000i\000s\000e\000\361\000o}{}% 21
\BOOKMARK [2][-]{subsection.4.1}{\376\377\000E\000s\000t\000a\000d\000o\000\040\000i\000n\000i\000c\000i\000a\000l}{section.4}% 22
\BOOKMARK [2][-]{subsection.4.2}{\376\377\000P\000r\000o\000p\000u\000e\000s\000t\000a\000s}{section.4}% 23
\BOOKMARK [3][-]{subsubsection.4.2.1}{\376\377\000O\000n\000t\000o\000l\000o\000g\000\355\000a}{subsection.4.2}% 24
\BOOKMARK [3][-]{subsubsection.4.2.2}{\376\377\000E\000m\000b\000e\000d\000d\000i\000n\000g\000s}{subsection.4.2}% 25
\BOOKMARK [1][-]{section*.10}{\376\377\000R\000e\000f\000e\000r\000e\000n\000c\000i\000a\000s}{}% 26
